<?xml version="1.0" encoding="UTF-8"?>
<!-- Generated by org.testng.reporters.JUnitXMLReporter -->
<testsuite hostname="Ansuman-PC" ignored="0" name="Surefire test" tests="4" failures="0" timestamp="04 Apr 2020 13:16:33 GMT" time="0.097" errors="0">
  <testcase name="takePicture" time="0.015" classname="qaclickacademy.Appium"/>
  <testcase name="turnOnMobile" time="0.0" classname="qaclickacademy.Appium"/>
  <testcase name="browserAutomation" time="0.001" classname="qaclickacademy.SeleniumAutomation"/>
  <testcase name="openWebsite" time="0.0" classname="qaclickacademy.SeleniumAutomation"/>
</testsuite> <!-- Surefire test -->
