<?xml version="1.0" encoding="UTF-8"?>
<!-- Generated by org.testng.reporters.JUnitXMLReporter -->
<testsuite hostname="Ansuman-PC" ignored="0" name="Test" tests="6" failures="0" timestamp="04 Apr 2020 13:39:59 GMT" time="0.104" errors="0">
  <testcase name="openGET" time="0.015" classname="qaclickacademy.RESTAPIAutomation"/>
  <testcase name="openPUT" time="0.0" classname="qaclickacademy.RESTAPIAutomation"/>
  <testcase name="browserAutomation" time="0.002" classname="qaclickacademy.SeleniumAutomation"/>
  <testcase name="openWebsite" time="0.001" classname="qaclickacademy.SeleniumAutomation"/>
  <testcase name="takePicture" time="0.001" classname="qaclickacademy.Appium"/>
  <testcase name="turnOnMobile" time="0.0" classname="qaclickacademy.Appium"/>
</testsuite> <!-- Test -->
