<?xml version="1.0" encoding="UTF-8"?>
<testng-results skipped="0" failed="0" ignored="0" total="2" passed="2">
  <reporter-output>
  </reporter-output>
  <suite name="Default suite" duration-ms="130" started-at="2020-04-04T12:42:13Z" finished-at="2020-04-04T12:42:13Z">
    <groups>
    </groups>
    <test name="Default test" duration-ms="130" started-at="2020-04-04T12:42:13Z" finished-at="2020-04-04T12:42:13Z">
      <class name="qaclickacademy.SeleniumAutomation">
        <test-method status="PASS" signature="browserAutomation()[pri:0, instance:qaclickacademy.SeleniumAutomation@4c70fda8]" name="browserAutomation" duration-ms="29" started-at="2020-04-04T12:42:13Z" finished-at="2020-04-04T12:42:13Z">
          <reporter-output>
          </reporter-output>
        </test-method> <!-- browserAutomation -->
        <test-method status="PASS" signature="openWebsite()[pri:0, instance:qaclickacademy.SeleniumAutomation@4c70fda8]" name="openWebsite" duration-ms="5" started-at="2020-04-04T12:42:13Z" finished-at="2020-04-04T12:42:13Z">
          <reporter-output>
          </reporter-output>
        </test-method> <!-- openWebsite -->
      </class> <!-- qaclickacademy.SeleniumAutomation -->
    </test> <!-- Default test -->
  </suite> <!-- Default suite -->
</testng-results>
